Arguments: 
  /usr/local/bin/node /usr/local/Cellar/yarn/1.3.2/libexec/bin/yarn.js init

PATH: 
  /Users/ravi/Dev/dev-tools/rb-scripts:/Users/ravi/.rvm/gems/ruby-2.1.5/bin:/Users/ravi/.rvm/gems/ruby-2.1.5@global/bin:/Users/ravi/.rvm/rubies/ruby-2.1.5/bin:/usr/local/bin:/usr/bin:/bin:/usr/sbin:/sbin:/Users/ravi.sankar/.rvm/bin

Yarn version: 
  1.3.2

Node version: 
  6.9.2

Platform: 
  darwin x64

npm manifest: 
  

yarn manifest: 
  No manifest

Lockfile: 
  No lockfile

Trace: 
  SyntaxError: /Users/ravi.sankar/Dev/js-scratchpad/package.json: Unexpected end of JSON input
      at Object.parse (native)
      at /usr/local/Cellar/yarn/1.3.2/libexec/lib/cli.js:770:59
      at next (native)
      at step (/usr/local/Cellar/yarn/1.3.2/libexec/lib/cli.js:92:30)
      at /usr/local/Cellar/yarn/1.3.2/libexec/lib/cli.js:103:13
